15:42:56.738 [DEBU] {98bb33defae376178952f61df5ebfa59} [  5 ms] [default] [] [rows:0  ] SELECT `id`,`uuid`,`platform_uuid`,`account`,`username`,`password`,`unit`,`dept`,`position`,`salutatory`,`is_valid`,`is_tmp`,`user_type`,`mark`,`theme`,`headimg`,`mobile`,`email`,`face_id`,`sort`,`summit_meeting_manager`,`user_log_type`,`deleted`,`change_password`,`created_at`,`updated_at`,`last_passwd_update_time`,`status` FROM `user` WHERE `unit`=1011 LIMIT 1
15:43:48.716 [DEBU] {2c645df806e476172e918479f52064ec} [  3 ms] [default] [] [rows:28 ] SHOW FULL COLUMNS FROM `user`
15:43:48.720 [DEBU] {2c645df806e476172e918479f52064ec} [  1 ms] [default] [] [rows:1  ] SELECT `id`,`uuid`,`platform_uuid`,`account`,`username`,`password`,`unit`,`dept`,`position`,`salutatory`,`is_valid`,`is_tmp`,`user_type`,`mark`,`theme`,`headimg`,`mobile`,`email`,`face_id`,`sort`,`summit_meeting_manager`,`user_log_type`,`deleted`,`change_password`,`created_at`,`updated_at`,`last_passwd_update_time`,`status` FROM `user` WHERE `uuid`=1011 LIMIT 1
15:50:27.761 [DEBU] {e8822de163e476177f580a777715f121} [  5 ms] [default] [] [rows:28 ] SHOW FULL COLUMNS FROM `user`
15:50:27.764 [DEBU] {e8822de163e476177f580a777715f121} [  1 ms] [default] [] [rows:1  ] SELECT `id`,`uuid`,`platform_uuid`,`account`,`username`,`password`,`unit`,`dept`,`position`,`salutatory`,`is_valid`,`is_tmp`,`user_type`,`mark`,`theme`,`headimg`,`mobile`,`email`,`face_id`,`sort`,`summit_meeting_manager`,`user_log_type`,`deleted`,`change_password`,`created_at`,`updated_at`,`last_passwd_update_time`,`status` FROM `user` WHERE `uuid`=1011 LIMIT 1
15:51:41.465 [DEBU] {440b550a75e476179d5e446e0dea67fc} [  5 ms] [default] [] [rows:28 ] SHOW FULL COLUMNS FROM `user`
15:51:41.468 [DEBU] {440b550a75e476179d5e446e0dea67fc} [  1 ms] [default] [] [rows:1  ] SELECT `id`,`uuid`,`platform_uuid`,`account`,`username`,`password`,`unit`,`dept`,`position`,`salutatory`,`is_valid`,`is_tmp`,`user_type`,`mark`,`theme`,`headimg`,`mobile`,`email`,`face_id`,`sort`,`summit_meeting_manager`,`user_log_type`,`deleted`,`change_password`,`created_at`,`updated_at`,`last_passwd_update_time`,`status` FROM `user` WHERE `uuid`=1011 LIMIT 1
15:53:28.329 [DEBU] {20430fec8de476179e5e446e48c109e2} [  3 ms] [default] [] [rows:1  ] SELECT `id`,`uuid`,`platform_uuid`,`account`,`username`,`password`,`unit`,`dept`,`position`,`salutatory`,`is_valid`,`is_tmp`,`user_type`,`mark`,`theme`,`headimg`,`mobile`,`email`,`face_id`,`sort`,`summit_meeting_manager`,`user_log_type`,`deleted`,`change_password`,`created_at`,`updated_at`,`last_passwd_update_time`,`status` FROM `user` WHERE `uuid`=1011 LIMIT 1
15:54:59.412 [DEBU] {6088e020a3e4761768b7fa142cd215a7} [  4 ms] [default] [] [rows:28 ] SHOW FULL COLUMNS FROM `user`
15:54:59.416 [DEBU] {6088e020a3e4761768b7fa142cd215a7} [  1 ms] [default] [] [rows:1  ] SELECT `id`,`uuid`,`platform_uuid`,`account`,`username`,`password`,`unit`,`dept`,`position`,`salutatory`,`is_valid`,`is_tmp`,`user_type`,`mark`,`theme`,`headimg`,`mobile`,`email`,`face_id`,`sort`,`summit_meeting_manager`,`user_log_type`,`deleted`,`change_password`,`created_at`,`updated_at`,`last_passwd_update_time`,`status` FROM `user` WHERE `uuid`=1011 LIMIT 1
16:23:49.351 [DEBU] {08e448e935e67617aa3da47db599e582} [  3 ms] [default] [] [rows:28 ] SHOW FULL COLUMNS FROM `user`
16:23:49.354 [DEBU] {08e448e935e67617aa3da47db599e582} [  1 ms] [default] [] [rows:1  ] SELECT `id`,`uuid`,`platform_uuid`,`account`,`username`,`password`,`unit`,`dept`,`position`,`salutatory`,`is_valid`,`is_tmp`,`user_type`,`mark`,`theme`,`headimg`,`mobile`,`email`,`face_id`,`sort`,`summit_meeting_manager`,`user_log_type`,`deleted`,`change_password`,`created_at`,`updated_at`,`last_passwd_update_time`,`status` FROM `user` WHERE `uuid`=1011 LIMIT 1
16:23:56.425 [DEBU] {e08b1c8f37e67617ab3da47d6494d74a} [  3 ms] [default] [] [rows:1  ] SELECT `id`,`uuid`,`platform_uuid`,`account`,`username`,`password`,`unit`,`dept`,`position`,`salutatory`,`is_valid`,`is_tmp`,`user_type`,`mark`,`theme`,`headimg`,`mobile`,`email`,`face_id`,`sort`,`summit_meeting_manager`,`user_log_type`,`deleted`,`change_password`,`created_at`,`updated_at`,`last_passwd_update_time`,`status` FROM `user` WHERE `uuid`=1011 LIMIT 1
16:24:24.971 [DEBU] {c4e992343ee67617ac3da47dad370ce5} [  2 ms] [default] [] [rows:1  ] UPDATE `user` SET `username`='还是你牛皮qwe',`updated_at`='2023-07-31 16:24:24' WHERE `uuid`=1011
16:24:30.012 [DEBU] {a07313613fe67617ad3da47deeff1977} [  1 ms] [default] [] [rows:1  ] SELECT `id`,`uuid`,`platform_uuid`,`account`,`username`,`password`,`unit`,`dept`,`position`,`salutatory`,`is_valid`,`is_tmp`,`user_type`,`mark`,`theme`,`headimg`,`mobile`,`email`,`face_id`,`sort`,`summit_meeting_manager`,`user_log_type`,`deleted`,`change_password`,`created_at`,`updated_at`,`last_passwd_update_time`,`status` FROM `user` WHERE `uuid`=1011 LIMIT 1
16:30:28.228 [DEBU] {3ce33dc892e676176230ff60aedaf9c3} [  4 ms] [default] [] [rows:28 ] SHOW FULL COLUMNS FROM `user`
16:30:28.231 [DEBU] {3ce33dc892e676176230ff60aedaf9c3} [  1 ms] [default] [] [rows:1  ] UPDATE `user` SET `username`='还是你牛皮qwe111',`updated_at`='2023-07-31 16:30:28' WHERE `uuid`=1011
16:30:32.622 [DEBU] {005e5cce93e676176330ff6064a4d612} [  1 ms] [default] [] [rows:1  ] SELECT `id`,`uuid`,`platform_uuid`,`account`,`username`,`password`,`unit`,`dept`,`position`,`salutatory`,`is_valid`,`is_tmp`,`user_type`,`mark`,`theme`,`headimg`,`mobile`,`email`,`face_id`,`sort`,`summit_meeting_manager`,`user_log_type`,`deleted`,`change_password`,`created_at`,`updated_at`,`last_passwd_update_time`,`status` FROM `user` WHERE `uuid`=1011 LIMIT 1
17:11:57.913 [DEBU] {54b8fe74d6e87617101fa70362acd02b} [  4 ms] [default] [] [rows:28 ] SHOW FULL COLUMNS FROM `user`
17:11:57.917 [DEBU] {54b8fe74d6e87617101fa70362acd02b} [  2 ms] [default] [] [rows:1  ] INSERT INTO `user`(`account`,`username`,`password`,`unit`,`created_at`,`updated_at`) VALUES('account','username','password','unit','2023-07-31 17:11:57','2023-07-31 17:11:57') 
17:11:57.919 [DEBU] {54b8fe74d6e87617101fa70362acd02b} [  1 ms] [default] [] [rows:1  ] UPDATE `user` SET `uuid`='101д',`updated_at`='2023-07-31 17:11:57' WHERE `id`=1076
17:15:04.454 [DEBU] {54a4b9e301e97617d91f8f16c9d24b7f} [  4 ms] [default] [] [rows:28 ] SHOW FULL COLUMNS FROM `user`
17:15:04.458 [DEBU] {54a4b9e301e97617d91f8f16c9d24b7f} [  2 ms] [default] [] [rows:1  ] INSERT INTO `user`(`account`,`username`,`password`,`unit`,`created_at`,`updated_at`) VALUES('account','username','password','unit','2023-07-31 17:15:04','2023-07-31 17:15:04') 
17:15:04.459 [DEBU] {54a4b9e301e97617d91f8f16c9d24b7f} [  1 ms] [default] [] [rows:1  ] UPDATE `user` SET `uuid`='101е',`updated_at`='2023-07-31 17:15:04' WHERE `id`=1077
17:16:38.010 [DEBU] {105b96ab17e976176761fe1af76c0004} [ 13 ms] [default] [] [rows:28 ] SHOW FULL COLUMNS FROM `user`
17:16:38.016 [DEBU] {105b96ab17e976176761fe1af76c0004} [  2 ms] [default] [] [rows:1  ] INSERT INTO `user`(`account`,`username`,`password`,`unit`,`created_at`,`updated_at`) VALUES('account','username','password','unit','2023-07-31 17:16:37','2023-07-31 17:16:37') 
17:16:38.019 [DEBU] {105b96ab17e976176761fe1af76c0004} [  1 ms] [default] [] [rows:1  ] UPDATE `user` SET `uuid`='101ж',`updated_at`='2023-07-31 17:16:38' WHERE `id`=1078
17:25:43.695 [DEBU] {8cce78b996e9761748328831a74617b5} [  3 ms] [default] [] [rows:28 ] SHOW FULL COLUMNS FROM `user`
17:25:43.699 [DEBU] {8cce78b996e9761748328831a74617b5} [  2 ms] [default] [] [rows:1  ] INSERT INTO `user`(`account`,`username`,`password`,`unit`,`created_at`,`updated_at`) VALUES('account','username','password','unit','2023-07-31 17:25:43','2023-07-31 17:25:43') 
17:25:43.700 [DEBU] {8cce78b996e9761748328831a74617b5} [  1 ms] [default] [] [rows:1  ] UPDATE `user` SET `uuid`='1011079',`updated_at`='2023-07-31 17:25:43' WHERE `id`=1079
17:57:13.130 [DEBU] {5ce4a2a44eeb7617cf02b86e068fa156} [  3 ms] [default] [] [rows:28 ] SHOW FULL COLUMNS FROM `user`
17:57:13.133 [DEBU] {5ce4a2a44eeb7617cf02b86e068fa156} [  1 ms] [default] [] [rows:0  ] DELETE FROM `user` WHERE `uuid`=0
17:57:59.029 [DEBU] {182c625459eb7617ba72b507522fa5a9} [  4 ms] [default] [] [rows:28 ] SHOW FULL COLUMNS FROM `user`
17:57:59.033 [DEBU] {182c625459eb7617ba72b507522fa5a9} [  1 ms] [default] [] [rows:1  ] DELETE FROM `user` WHERE `uuid`=1011077
17:58:37.443 [DEBU] {cc7e1f4662eb7617bb72b507725f1b30} [  3 ms] [default] [] [rows:0  ] DELETE FROM `user` WHERE `uuid`=1011077
17:58:46.617 [DEBU] {e0fd0c6964eb7617bc72b507aeb77d97} [  0 ms] [default] [] [rows:0  ] DELETE FROM `user` WHERE `uuid`=0
17:59:23.710 [DEBU] {78d3c60b6deb76178602d00609ed15c8} [  4 ms] [default] [] [rows:28 ] SHOW FULL COLUMNS FROM `user`
17:59:23.713 [DEBU] {78d3c60b6deb76178602d00609ed15c8} [  1 ms] [default] [] [rows:0  ] DELETE FROM `user` WHERE `uuid`=0
17:59:42.047 [DEBU] {a038e65071eb76178702d0067f7cb337} [  2 ms] [default] [] [rows:0  ] DELETE FROM `user` WHERE `uuid`=0
17:59:47.123 [DEBU] {b012817f72eb76178802d00647bf6340} [  1 ms] [default] [] [rows:0  ] DELETE FROM `user` WHERE `uuid`=1011077
18:00:22.943 [DEBU] {e4af73d67aeb76178902d00607c79246} [  3 ms] [default] [] [rows:0  ] DELETE FROM `user` WHERE `uuid`=1011077
18:00:26.529 [DEBU] {18de53ac7beb76178a02d006640aa266} [  0 ms] [default] [] [rows:0  ] DELETE FROM `user` WHERE `uuid`=1011077
